<?xml version="1.0" encoding="UTF-8"?>
<!-- Generated by org.testng.reporters.JUnitReportReporter -->
<testsuite hostname="DESKTOP-KTPVCGF" failures="0" tests="1" name="testscript.Login_Script" time="14.921" errors="0" timestamp="2023-04-26T12:37:07 IST" skipped="0">
  <testcase classname="testscript.Login_Script" name="test1" time="14.921"/>
  <system-out/>
</testsuite> <!-- testscript.Login_Script -->
